2024-01-10 18:57:29.586 [info] Added views:workbench.panel.markers.view in workbench.panel.markers
2024-01-10 18:57:29.586 [info] Added views:workbench.panel.output in workbench.panel.output
2024-01-10 18:57:29.586 [info] Added views:terminal in terminal
2024-01-10 18:57:29.586 [info] Added views:outline in workbench.view.explorer
2024-01-10 18:57:29.586 [info] Added views:workbench.scm in workbench.view.scm
2024-01-10 18:57:29.586 [info] Added views:workbench.view.search in workbench.view.search
2024-01-10 18:57:29.586 [info] Added views:timeline in workbench.view.explorer
2024-01-10 18:57:29.586 [info] Added views:workbench.explorer.emptyView in workbench.view.explorer
2024-01-10 18:57:29.699 [info] Added views:workbench.debug.variablesView,workbench.debug.watchExpressionsView,workbench.debug.callStackView,workbench.debug.breakPointsView in workbench.view.debug
2024-01-10 18:57:30.003 [info] Added views:github.codespaces.explorer in workbench.view.remote
2024-01-10 18:57:30.003 [info] Added views:asm-code-lens.calcview-explorer in workbench.view.explorer
2024-01-10 18:57:30.003 [info] Added views:asm-code-lens.calcview-debug in workbench.view.debug
2024-01-10 18:57:30.017 [info] Added views:~remote.forwardedPorts in ~remote.forwardedPortsContainer
2024-01-10 18:57:30.086 [info] Added views:workbench.panel.repl.view in workbench.panel.repl
2024-01-10 18:57:30.087 [info] Removed views:workbench.debug.breakPointsView,workbench.debug.callStackView,workbench.debug.watchExpressionsView,workbench.debug.variablesView from workbench.view.debug
2024-01-10 18:57:30.088 [info] Added views:workbench.debug.welcome in workbench.view.debug
2024-01-10 18:57:42.406 [info] Added views:workbench.views.extensions.installed,workbench.views.extensions.popular,extensions.recommendedList in workbench.view.extensions
2024-01-10 18:57:42.407 [info] Removed views:workbench.views.extensions.popular from workbench.view.extensions
2024-01-10 18:58:04.498 [info] Added views:workbench.panel.markers.view in workbench.panel.markers
2024-01-10 18:58:04.498 [info] Added views:workbench.panel.output in workbench.panel.output
2024-01-10 18:58:04.498 [info] Added views:terminal in terminal
2024-01-10 18:58:04.498 [info] Added views:outline in workbench.view.explorer
2024-01-10 18:58:04.498 [info] Added views:workbench.scm in workbench.view.scm
2024-01-10 18:58:04.498 [info] Added views:workbench.view.search in workbench.view.search
2024-01-10 18:58:04.498 [info] Added views:timeline in workbench.view.explorer
2024-01-10 18:58:04.498 [info] Added views:workbench.explorer.fileView in workbench.view.explorer
2024-01-10 18:58:04.607 [info] Added views:github.codespaces.explorer in workbench.view.remote
2024-01-10 18:58:04.700 [info] Added views:workbench.debug.variablesView,workbench.debug.watchExpressionsView,workbench.debug.callStackView,workbench.debug.breakPointsView in workbench.view.debug
2024-01-10 18:58:04.754 [info] Added views:workbench.panel.repl.view in workbench.panel.repl
2024-01-10 18:58:04.755 [info] Removed views:workbench.debug.breakPointsView,workbench.debug.callStackView,workbench.debug.watchExpressionsView,workbench.debug.variablesView from workbench.view.debug
2024-01-10 18:58:04.755 [info] Added views:workbench.debug.welcome in workbench.view.debug
2024-01-10 18:58:04.800 [info] Added views:~remote.forwardedPorts in ~remote.forwardedPortsContainer
2024-01-10 18:58:07.140 [info] Added views:asm-code-lens.calcview-explorer in workbench.view.explorer
2024-01-10 18:58:07.140 [info] Added views:asm-code-lens.calcview-debug in workbench.view.debug
2024-01-11 16:09:24.830 [info] Added views:workbench.views.extensions.installed,workbench.views.extensions.popular,extensions.recommendedList in workbench.view.extensions
2024-01-11 16:09:24.832 [info] Removed views:workbench.views.extensions.popular from workbench.view.extensions
2024-01-11 16:09:27.118 [info] Added views:~remote.helpPanel in workbench.view.remote
